<?xml version="1.0" encoding="UTF-8"?>
<testsuite xmlns:xsi="http://www.w3.org/2001/XMLSchema-instance" xsi:noNamespaceSchemaLocation="https://maven.apache.org/surefire/maven-surefire-plugin/xsd/surefire-test-report.xsd" name="com.bruno.simplecamelspringboot.SimpleCamelSpringbootApplicationTests" time="3.359" tests="1" errors="0" skipped="0" failures="0">
  <properties>
    <property name="java.specification.version" value="19"/>
    <property name="sun.jnu.encoding" value="UTF-8"/>
    <property name="java.class.path" value="/Users/estros/Documents/IT/Studies/Udemy/ApacheCamel/simple-camel-springboot/target/test-classes:/Users/estros/Documents/IT/Studies/Udemy/ApacheCamel/simple-camel-springboot/target/classes:/Users/estros/.m2/repository/org/apache/camel/springboot/camel-spring-boot-starter/3.19.0/camel-spring-boot-starter-3.19.0.jar:/Users/estros/.m2/repository/org/springframework/boot/spring-boot-starter/2.7.6/spring-boot-starter-2.7.6.jar:/Users/estros/.m2/repository/org/springframework/boot/spring-boot/2.7.6/spring-boot-2.7.6.jar:/Users/estros/.m2/repository/org/springframework/spring-context/5.3.24/spring-context-5.3.24.jar:/Users/estros/.m2/repository/org/springframework/boot/spring-boot-autoconfigure/2.7.6/spring-boot-autoconfigure-2.7.6.jar:/Users/estros/.m2/repository/org/springframework/boot/spring-boot-starter-logging/2.7.6/spring-boot-starter-logging-2.7.6.jar:/Users/estros/.m2/repository/ch/qos/logback/logback-classic/1.2.11/logback-classic-1.2.11.jar:/Users/estros/.m2/repository/ch/qos/logback/logback-core/1.2.11/logback-core-1.2.11.jar:/Users/estros/.m2/repository/org/apache/logging/log4j/log4j-to-slf4j/2.17.2/log4j-to-slf4j-2.17.2.jar:/Users/estros/.m2/repository/org/apache/logging/log4j/log4j-api/2.17.2/log4j-api-2.17.2.jar:/Users/estros/.m2/repository/org/slf4j/jul-to-slf4j/1.7.36/jul-to-slf4j-1.7.36.jar:/Users/estros/.m2/repository/jakarta/annotation/jakarta.annotation-api/1.3.5/jakarta.annotation-api-1.3.5.jar:/Users/estros/.m2/repository/org/yaml/snakeyaml/1.30/snakeyaml-1.30.jar:/Users/estros/.m2/repository/org/apache/camel/springboot/camel-spring-boot/3.19.0/camel-spring-boot-3.19.0.jar:/Users/estros/.m2/repository/org/apache/camel/camel-spring/3.19.0/camel-spring-3.19.0.jar:/Users/estros/.m2/repository/org/apache/camel/camel-management-api/3.19.0/camel-management-api-3.19.0.jar:/Users/estros/.m2/repository/org/springframework/spring-aop/5.3.24/spring-aop-5.3.24.jar:/Users/estros/.m2/repository/org/springframework/spring-beans/5.3.24/spring-beans-5.3.24.jar:/Users/estros/.m2/repository/org/springframework/spring-expression/5.3.24/spring-expression-5.3.24.jar:/Users/estros/.m2/repository/org/springframework/spring-tx/5.3.24/spring-tx-5.3.24.jar:/Users/estros/.m2/repository/org/apache/camel/camel-spring-main/3.19.0/camel-spring-main-3.19.0.jar:/Users/estros/.m2/repository/org/apache/camel/camel-main/3.19.0/camel-main-3.19.0.jar:/Users/estros/.m2/repository/org/apache/camel/camel-base/3.19.0/camel-base-3.19.0.jar:/Users/estros/.m2/repository/org/apache/camel/camel-core-languages/3.19.0/camel-core-languages-3.19.0.jar:/Users/estros/.m2/repository/org/apache/camel/camel-util-json/3.19.0/camel-util-json-3.19.0.jar:/Users/estros/.m2/repository/org/apache/camel/camel-xml-jaxb-dsl/3.19.0/camel-xml-jaxb-dsl-3.19.0.jar:/Users/estros/.m2/repository/org/apache/camel/camel-xml-jaxb/3.19.0/camel-xml-jaxb-3.19.0.jar:/Users/estros/.m2/repository/com/sun/xml/bind/jaxb-core/2.3.0/jaxb-core-2.3.0.jar:/Users/estros/.m2/repository/com/sun/xml/bind/jaxb-impl/2.3.3/jaxb-impl-2.3.3.jar:/Users/estros/.m2/repository/com/sun/activation/jakarta.activation/1.2.2/jakarta.activation-1.2.2.jar:/Users/estros/.m2/repository/org/apache/camel/camel-dsl-support/3.19.0/camel-dsl-support-3.19.0.jar:/Users/estros/.m2/repository/org/apache/camel/camel-spring-xml/3.19.0/camel-spring-xml-3.19.0.jar:/Users/estros/.m2/repository/org/apache/camel/camel-core-xml/3.19.0/camel-core-xml-3.19.0.jar:/Users/estros/.m2/repository/javax/annotation/javax.annotation-api/1.3.2/javax.annotation-api-1.3.2.jar:/Users/estros/.m2/repository/org/apache/camel/camel-cloud/3.19.0/camel-cloud-3.19.0.jar:/Users/estros/.m2/repository/org/apache/camel/camel-core-model/3.19.0/camel-core-model-3.19.0.jar:/Users/estros/.m2/repository/org/apache/camel/camel-core-processor/3.19.0/camel-core-processor-3.19.0.jar:/Users/estros/.m2/repository/org/apache/camel/camel-cluster/3.19.0/camel-cluster-3.19.0.jar:/Users/estros/.m2/repository/org/apache/camel/camel-base-engine/3.19.0/camel-base-engine-3.19.0.jar:/Users/estros/.m2/repository/org/apache/camel/camel-health/3.19.0/camel-health-3.19.0.jar:/Users/estros/.m2/repository/org/apache/camel/springboot/camel-core-starter/3.19.0/camel-core-starter-3.19.0.jar:/Users/estros/.m2/repository/org/apache/camel/camel-core-engine/3.19.0/camel-core-engine-3.19.0.jar:/Users/estros/.m2/repository/org/apache/camel/camel-api/3.19.0/camel-api-3.19.0.jar:/Users/estros/.m2/repository/org/apache/camel/camel-core-reifier/3.19.0/camel-core-reifier-3.19.0.jar:/Users/estros/.m2/repository/org/apache/camel/camel-support/3.19.0/camel-support-3.19.0.jar:/Users/estros/.m2/repository/org/apache/camel/camel-util/3.19.0/camel-util-3.19.0.jar:/Users/estros/.m2/repository/org/apache/camel/springboot/camel-bean-starter/3.19.0/camel-bean-starter-3.19.0.jar:/Users/estros/.m2/repository/org/apache/camel/camel-bean/3.19.0/camel-bean-3.19.0.jar:/Users/estros/.m2/repository/org/apache/camel/springboot/camel-browse-starter/3.19.0/camel-browse-starter-3.19.0.jar:/Users/estros/.m2/repository/org/apache/camel/camel-browse/3.19.0/camel-browse-3.19.0.jar:/Users/estros/.m2/repository/org/apache/camel/springboot/camel-controlbus-starter/3.19.0/camel-controlbus-starter-3.19.0.jar:/Users/estros/.m2/repository/org/apache/camel/camel-controlbus/3.19.0/camel-controlbus-3.19.0.jar:/Users/estros/.m2/repository/org/apache/camel/springboot/camel-dataformat-starter/3.19.0/camel-dataformat-starter-3.19.0.jar:/Users/estros/.m2/repository/org/apache/camel/camel-dataformat/3.19.0/camel-dataformat-3.19.0.jar:/Users/estros/.m2/repository/org/apache/camel/springboot/camel-dataset-starter/3.19.0/camel-dataset-starter-3.19.0.jar:/Users/estros/.m2/repository/org/apache/camel/camel-dataset/3.19.0/camel-dataset-3.19.0.jar:/Users/estros/.m2/repository/org/apache/camel/springboot/camel-direct-starter/3.19.0/camel-direct-starter-3.19.0.jar:/Users/estros/.m2/repository/org/apache/camel/camel-direct/3.19.0/camel-direct-3.19.0.jar:/Users/estros/.m2/repository/org/apache/camel/springboot/camel-directvm-starter/3.19.0/camel-directvm-starter-3.19.0.jar:/Users/estros/.m2/repository/org/apache/camel/camel-directvm/3.19.0/camel-directvm-3.19.0.jar:/Users/estros/.m2/repository/org/apache/camel/springboot/camel-file-starter/3.19.0/camel-file-starter-3.19.0.jar:/Users/estros/.m2/repository/org/apache/camel/camel-file/3.19.0/camel-file-3.19.0.jar:/Users/estros/.m2/repository/org/apache/camel/springboot/camel-language-starter/3.19.0/camel-language-starter-3.19.0.jar:/Users/estros/.m2/repository/org/apache/camel/camel-language/3.19.0/camel-language-3.19.0.jar:/Users/estros/.m2/repository/org/apache/camel/springboot/camel-log-starter/3.19.0/camel-log-starter-3.19.0.jar:/Users/estros/.m2/repository/org/apache/camel/camel-log/3.19.0/camel-log-3.19.0.jar:/Users/estros/.m2/repository/org/apache/camel/springboot/camel-mock-starter/3.19.0/camel-mock-starter-3.19.0.jar:/Users/estros/.m2/repository/org/apache/camel/camel-mock/3.19.0/camel-mock-3.19.0.jar:/Users/estros/.m2/repository/org/apache/camel/springboot/camel-ref-starter/3.19.0/camel-ref-starter-3.19.0.jar:/Users/estros/.m2/repository/org/apache/camel/camel-ref/3.19.0/camel-ref-3.19.0.jar:/Users/estros/.m2/repository/org/apache/camel/springboot/camel-rest-starter/3.19.0/camel-rest-starter-3.19.0.jar:/Users/estros/.m2/repository/org/apache/camel/camel-rest/3.19.0/camel-rest-3.19.0.jar:/Users/estros/.m2/repository/org/apache/camel/camel-tooling-model/3.19.0/camel-tooling-model-3.19.0.jar:/Users/estros/.m2/repository/org/apache/camel/springboot/camel-saga-starter/3.19.0/camel-saga-starter-3.19.0.jar:/Users/estros/.m2/repository/org/apache/camel/camel-saga/3.19.0/camel-saga-3.19.0.jar:/Users/estros/.m2/repository/org/apache/camel/springboot/camel-scheduler-starter/3.19.0/camel-scheduler-starter-3.19.0.jar:/Users/estros/.m2/repository/org/apache/camel/camel-scheduler/3.19.0/camel-scheduler-3.19.0.jar:/Users/estros/.m2/repository/org/apache/camel/springboot/camel-seda-starter/3.19.0/camel-seda-starter-3.19.0.jar:/Users/estros/.m2/repository/org/apache/camel/camel-seda/3.19.0/camel-seda-3.19.0.jar:/Users/estros/.m2/repository/org/apache/camel/springboot/camel-stub-starter/3.19.0/camel-stub-starter-3.19.0.jar:/Users/estros/.m2/repository/org/apache/camel/camel-stub/3.19.0/camel-stub-3.19.0.jar:/Users/estros/.m2/repository/org/apache/camel/springboot/camel-timer-starter/3.19.0/camel-timer-starter-3.19.0.jar:/Users/estros/.m2/repository/org/apache/camel/camel-timer/3.19.0/camel-timer-3.19.0.jar:/Users/estros/.m2/repository/org/apache/camel/springboot/camel-validator-starter/3.19.0/camel-validator-starter-3.19.0.jar:/Users/estros/.m2/repository/org/apache/camel/camel-validator/3.19.0/camel-validator-3.19.0.jar:/Users/estros/.m2/repository/org/apache/camel/springboot/camel-vm-starter/3.19.0/camel-vm-starter-3.19.0.jar:/Users/estros/.m2/repository/org/apache/camel/camel-vm/3.19.0/camel-vm-3.19.0.jar:/Users/estros/.m2/repository/org/apache/camel/springboot/camel-xpath-starter/3.19.0/camel-xpath-starter-3.19.0.jar:/Users/estros/.m2/repository/org/apache/camel/camel-xpath/3.19.0/camel-xpath-3.19.0.jar:/Users/estros/.m2/repository/org/apache/camel/springboot/camel-xslt-starter/3.19.0/camel-xslt-starter-3.19.0.jar:/Users/estros/.m2/repository/org/apache/camel/camel-xslt/3.19.0/camel-xslt-3.19.0.jar:/Users/estros/.m2/repository/org/apache/camel/springboot/camel-xml-jaxp-starter/3.19.0/camel-xml-jaxp-starter-3.19.0.jar:/Users/estros/.m2/repository/org/apache/camel/camel-xml-jaxp/3.19.0/camel-xml-jaxp-3.19.0.jar:/Users/estros/.m2/repository/org/apache/camel/camel-xml-io-util/3.19.0/camel-xml-io-util-3.19.0.jar:/Users/estros/.m2/repository/org/springframework/boot/spring-boot-starter-test/2.7.6/spring-boot-starter-test-2.7.6.jar:/Users/estros/.m2/repository/org/springframework/boot/spring-boot-test/2.7.6/spring-boot-test-2.7.6.jar:/Users/estros/.m2/repository/org/springframework/boot/spring-boot-test-autoconfigure/2.7.6/spring-boot-test-autoconfigure-2.7.6.jar:/Users/estros/.m2/repository/com/jayway/jsonpath/json-path/2.7.0/json-path-2.7.0.jar:/Users/estros/.m2/repository/net/minidev/json-smart/2.4.8/json-smart-2.4.8.jar:/Users/estros/.m2/repository/net/minidev/accessors-smart/2.4.8/accessors-smart-2.4.8.jar:/Users/estros/.m2/repository/org/ow2/asm/asm/9.1/asm-9.1.jar:/Users/estros/.m2/repository/org/slf4j/slf4j-api/1.7.36/slf4j-api-1.7.36.jar:/Users/estros/.m2/repository/jakarta/xml/bind/jakarta.xml.bind-api/2.3.3/jakarta.xml.bind-api-2.3.3.jar:/Users/estros/.m2/repository/jakarta/activation/jakarta.activation-api/1.2.2/jakarta.activation-api-1.2.2.jar:/Users/estros/.m2/repository/org/assertj/assertj-core/3.22.0/assertj-core-3.22.0.jar:/Users/estros/.m2/repository/org/hamcrest/hamcrest/2.2/hamcrest-2.2.jar:/Users/estros/.m2/repository/org/junit/jupiter/junit-jupiter/5.8.2/junit-jupiter-5.8.2.jar:/Users/estros/.m2/repository/org/junit/jupiter/junit-jupiter-api/5.8.2/junit-jupiter-api-5.8.2.jar:/Users/estros/.m2/repository/org/opentest4j/opentest4j/1.2.0/opentest4j-1.2.0.jar:/Users/estros/.m2/repository/org/junit/platform/junit-platform-commons/1.8.2/junit-platform-commons-1.8.2.jar:/Users/estros/.m2/repository/org/apiguardian/apiguardian-api/1.1.2/apiguardian-api-1.1.2.jar:/Users/estros/.m2/repository/org/junit/jupiter/junit-jupiter-params/5.8.2/junit-jupiter-params-5.8.2.jar:/Users/estros/.m2/repository/org/junit/jupiter/junit-jupiter-engine/5.8.2/junit-jupiter-engine-5.8.2.jar:/Users/estros/.m2/repository/org/junit/platform/junit-platform-engine/1.8.2/junit-platform-engine-1.8.2.jar:/Users/estros/.m2/repository/org/mockito/mockito-core/4.5.1/mockito-core-4.5.1.jar:/Users/estros/.m2/repository/net/bytebuddy/byte-buddy/1.12.19/byte-buddy-1.12.19.jar:/Users/estros/.m2/repository/net/bytebuddy/byte-buddy-agent/1.12.19/byte-buddy-agent-1.12.19.jar:/Users/estros/.m2/repository/org/objenesis/objenesis/3.2/objenesis-3.2.jar:/Users/estros/.m2/repository/org/mockito/mockito-junit-jupiter/4.5.1/mockito-junit-jupiter-4.5.1.jar:/Users/estros/.m2/repository/org/skyscreamer/jsonassert/1.5.1/jsonassert-1.5.1.jar:/Users/estros/.m2/repository/com/vaadin/external/google/android-json/0.0.20131108.vaadin1/android-json-0.0.20131108.vaadin1.jar:/Users/estros/.m2/repository/org/springframework/spring-core/5.3.24/spring-core-5.3.24.jar:/Users/estros/.m2/repository/org/springframework/spring-jcl/5.3.24/spring-jcl-5.3.24.jar:/Users/estros/.m2/repository/org/springframework/spring-test/5.3.24/spring-test-5.3.24.jar:/Users/estros/.m2/repository/org/xmlunit/xmlunit-core/2.9.0/xmlunit-core-2.9.0.jar:"/>
    <property name="java.vm.vendor" value="Homebrew"/>
    <property name="sun.arch.data.model" value="64"/>
    <property name="java.vendor.url" value="https://github.com/Homebrew/homebrew-core/issues"/>
    <property name="os.name" value="Mac OS X"/>
    <property name="java.vm.specification.version" value="19"/>
    <property name="sun.java.launcher" value="SUN_STANDARD"/>
    <property name="user.country" value="BR"/>
    <property name="sun.boot.library.path" value="/usr/local/Cellar/openjdk/19.0.1/libexec/openjdk.jdk/Contents/Home/lib"/>
    <property name="sun.java.command" value="/Users/estros/Documents/IT/Studies/Udemy/ApacheCamel/simple-camel-springboot/target/surefire/surefirebooter13564163667953577497.jar /Users/estros/Documents/IT/Studies/Udemy/ApacheCamel/simple-camel-springboot/target/surefire 2022-12-12T16-56-25_415-jvmRun1 surefire16115469422146241184tmp surefire_01459592098372689663tmp"/>
    <property name="http.nonProxyHosts" value="local|*.local|169.254/16|*.169.254/16"/>
    <property name="jdk.debug" value="release"/>
    <property name="surefire.test.class.path" value="/Users/estros/Documents/IT/Studies/Udemy/ApacheCamel/simple-camel-springboot/target/test-classes:/Users/estros/Documents/IT/Studies/Udemy/ApacheCamel/simple-camel-springboot/target/classes:/Users/estros/.m2/repository/org/apache/camel/springboot/camel-spring-boot-starter/3.19.0/camel-spring-boot-starter-3.19.0.jar:/Users/estros/.m2/repository/org/springframework/boot/spring-boot-starter/2.7.6/spring-boot-starter-2.7.6.jar:/Users/estros/.m2/repository/org/springframework/boot/spring-boot/2.7.6/spring-boot-2.7.6.jar:/Users/estros/.m2/repository/org/springframework/spring-context/5.3.24/spring-context-5.3.24.jar:/Users/estros/.m2/repository/org/springframework/boot/spring-boot-autoconfigure/2.7.6/spring-boot-autoconfigure-2.7.6.jar:/Users/estros/.m2/repository/org/springframework/boot/spring-boot-starter-logging/2.7.6/spring-boot-starter-logging-2.7.6.jar:/Users/estros/.m2/repository/ch/qos/logback/logback-classic/1.2.11/logback-classic-1.2.11.jar:/Users/estros/.m2/repository/ch/qos/logback/logback-core/1.2.11/logback-core-1.2.11.jar:/Users/estros/.m2/repository/org/apache/logging/log4j/log4j-to-slf4j/2.17.2/log4j-to-slf4j-2.17.2.jar:/Users/estros/.m2/repository/org/apache/logging/log4j/log4j-api/2.17.2/log4j-api-2.17.2.jar:/Users/estros/.m2/repository/org/slf4j/jul-to-slf4j/1.7.36/jul-to-slf4j-1.7.36.jar:/Users/estros/.m2/repository/jakarta/annotation/jakarta.annotation-api/1.3.5/jakarta.annotation-api-1.3.5.jar:/Users/estros/.m2/repository/org/yaml/snakeyaml/1.30/snakeyaml-1.30.jar:/Users/estros/.m2/repository/org/apache/camel/springboot/camel-spring-boot/3.19.0/camel-spring-boot-3.19.0.jar:/Users/estros/.m2/repository/org/apache/camel/camel-spring/3.19.0/camel-spring-3.19.0.jar:/Users/estros/.m2/repository/org/apache/camel/camel-management-api/3.19.0/camel-management-api-3.19.0.jar:/Users/estros/.m2/repository/org/springframework/spring-aop/5.3.24/spring-aop-5.3.24.jar:/Users/estros/.m2/repository/org/springframework/spring-beans/5.3.24/spring-beans-5.3.24.jar:/Users/estros/.m2/repository/org/springframework/spring-expression/5.3.24/spring-expression-5.3.24.jar:/Users/estros/.m2/repository/org/springframework/spring-tx/5.3.24/spring-tx-5.3.24.jar:/Users/estros/.m2/repository/org/apache/camel/camel-spring-main/3.19.0/camel-spring-main-3.19.0.jar:/Users/estros/.m2/repository/org/apache/camel/camel-main/3.19.0/camel-main-3.19.0.jar:/Users/estros/.m2/repository/org/apache/camel/camel-base/3.19.0/camel-base-3.19.0.jar:/Users/estros/.m2/repository/org/apache/camel/camel-core-languages/3.19.0/camel-core-languages-3.19.0.jar:/Users/estros/.m2/repository/org/apache/camel/camel-util-json/3.19.0/camel-util-json-3.19.0.jar:/Users/estros/.m2/repository/org/apache/camel/camel-xml-jaxb-dsl/3.19.0/camel-xml-jaxb-dsl-3.19.0.jar:/Users/estros/.m2/repository/org/apache/camel/camel-xml-jaxb/3.19.0/camel-xml-jaxb-3.19.0.jar:/Users/estros/.m2/repository/com/sun/xml/bind/jaxb-core/2.3.0/jaxb-core-2.3.0.jar:/Users/estros/.m2/repository/com/sun/xml/bind/jaxb-impl/2.3.3/jaxb-impl-2.3.3.jar:/Users/estros/.m2/repository/com/sun/activation/jakarta.activation/1.2.2/jakarta.activation-1.2.2.jar:/Users/estros/.m2/repository/org/apache/camel/camel-dsl-support/3.19.0/camel-dsl-support-3.19.0.jar:/Users/estros/.m2/repository/org/apache/camel/camel-spring-xml/3.19.0/camel-spring-xml-3.19.0.jar:/Users/estros/.m2/repository/org/apache/camel/camel-core-xml/3.19.0/camel-core-xml-3.19.0.jar:/Users/estros/.m2/repository/javax/annotation/javax.annotation-api/1.3.2/javax.annotation-api-1.3.2.jar:/Users/estros/.m2/repository/org/apache/camel/camel-cloud/3.19.0/camel-cloud-3.19.0.jar:/Users/estros/.m2/repository/org/apache/camel/camel-core-model/3.19.0/camel-core-model-3.19.0.jar:/Users/estros/.m2/repository/org/apache/camel/camel-core-processor/3.19.0/camel-core-processor-3.19.0.jar:/Users/estros/.m2/repository/org/apache/camel/camel-cluster/3.19.0/camel-cluster-3.19.0.jar:/Users/estros/.m2/repository/org/apache/camel/camel-base-engine/3.19.0/camel-base-engine-3.19.0.jar:/Users/estros/.m2/repository/org/apache/camel/camel-health/3.19.0/camel-health-3.19.0.jar:/Users/estros/.m2/repository/org/apache/camel/springboot/camel-core-starter/3.19.0/camel-core-starter-3.19.0.jar:/Users/estros/.m2/repository/org/apache/camel/camel-core-engine/3.19.0/camel-core-engine-3.19.0.jar:/Users/estros/.m2/repository/org/apache/camel/camel-api/3.19.0/camel-api-3.19.0.jar:/Users/estros/.m2/repository/org/apache/camel/camel-core-reifier/3.19.0/camel-core-reifier-3.19.0.jar:/Users/estros/.m2/repository/org/apache/camel/camel-support/3.19.0/camel-support-3.19.0.jar:/Users/estros/.m2/repository/org/apache/camel/camel-util/3.19.0/camel-util-3.19.0.jar:/Users/estros/.m2/repository/org/apache/camel/springboot/camel-bean-starter/3.19.0/camel-bean-starter-3.19.0.jar:/Users/estros/.m2/repository/org/apache/camel/camel-bean/3.19.0/camel-bean-3.19.0.jar:/Users/estros/.m2/repository/org/apache/camel/springboot/camel-browse-starter/3.19.0/camel-browse-starter-3.19.0.jar:/Users/estros/.m2/repository/org/apache/camel/camel-browse/3.19.0/camel-browse-3.19.0.jar:/Users/estros/.m2/repository/org/apache/camel/springboot/camel-controlbus-starter/3.19.0/camel-controlbus-starter-3.19.0.jar:/Users/estros/.m2/repository/org/apache/camel/camel-controlbus/3.19.0/camel-controlbus-3.19.0.jar:/Users/estros/.m2/repository/org/apache/camel/springboot/camel-dataformat-starter/3.19.0/camel-dataformat-starter-3.19.0.jar:/Users/estros/.m2/repository/org/apache/camel/camel-dataformat/3.19.0/camel-dataformat-3.19.0.jar:/Users/estros/.m2/repository/org/apache/camel/springboot/camel-dataset-starter/3.19.0/camel-dataset-starter-3.19.0.jar:/Users/estros/.m2/repository/org/apache/camel/camel-dataset/3.19.0/camel-dataset-3.19.0.jar:/Users/estros/.m2/repository/org/apache/camel/springboot/camel-direct-starter/3.19.0/camel-direct-starter-3.19.0.jar:/Users/estros/.m2/repository/org/apache/camel/camel-direct/3.19.0/camel-direct-3.19.0.jar:/Users/estros/.m2/repository/org/apache/camel/springboot/camel-directvm-starter/3.19.0/camel-directvm-starter-3.19.0.jar:/Users/estros/.m2/repository/org/apache/camel/camel-directvm/3.19.0/camel-directvm-3.19.0.jar:/Users/estros/.m2/repository/org/apache/camel/springboot/camel-file-starter/3.19.0/camel-file-starter-3.19.0.jar:/Users/estros/.m2/repository/org/apache/camel/camel-file/3.19.0/camel-file-3.19.0.jar:/Users/estros/.m2/repository/org/apache/camel/springboot/camel-language-starter/3.19.0/camel-language-starter-3.19.0.jar:/Users/estros/.m2/repository/org/apache/camel/camel-language/3.19.0/camel-language-3.19.0.jar:/Users/estros/.m2/repository/org/apache/camel/springboot/camel-log-starter/3.19.0/camel-log-starter-3.19.0.jar:/Users/estros/.m2/repository/org/apache/camel/camel-log/3.19.0/camel-log-3.19.0.jar:/Users/estros/.m2/repository/org/apache/camel/springboot/camel-mock-starter/3.19.0/camel-mock-starter-3.19.0.jar:/Users/estros/.m2/repository/org/apache/camel/camel-mock/3.19.0/camel-mock-3.19.0.jar:/Users/estros/.m2/repository/org/apache/camel/springboot/camel-ref-starter/3.19.0/camel-ref-starter-3.19.0.jar:/Users/estros/.m2/repository/org/apache/camel/camel-ref/3.19.0/camel-ref-3.19.0.jar:/Users/estros/.m2/repository/org/apache/camel/springboot/camel-rest-starter/3.19.0/camel-rest-starter-3.19.0.jar:/Users/estros/.m2/repository/org/apache/camel/camel-rest/3.19.0/camel-rest-3.19.0.jar:/Users/estros/.m2/repository/org/apache/camel/camel-tooling-model/3.19.0/camel-tooling-model-3.19.0.jar:/Users/estros/.m2/repository/org/apache/camel/springboot/camel-saga-starter/3.19.0/camel-saga-starter-3.19.0.jar:/Users/estros/.m2/repository/org/apache/camel/camel-saga/3.19.0/camel-saga-3.19.0.jar:/Users/estros/.m2/repository/org/apache/camel/springboot/camel-scheduler-starter/3.19.0/camel-scheduler-starter-3.19.0.jar:/Users/estros/.m2/repository/org/apache/camel/camel-scheduler/3.19.0/camel-scheduler-3.19.0.jar:/Users/estros/.m2/repository/org/apache/camel/springboot/camel-seda-starter/3.19.0/camel-seda-starter-3.19.0.jar:/Users/estros/.m2/repository/org/apache/camel/camel-seda/3.19.0/camel-seda-3.19.0.jar:/Users/estros/.m2/repository/org/apache/camel/springboot/camel-stub-starter/3.19.0/camel-stub-starter-3.19.0.jar:/Users/estros/.m2/repository/org/apache/camel/camel-stub/3.19.0/camel-stub-3.19.0.jar:/Users/estros/.m2/repository/org/apache/camel/springboot/camel-timer-starter/3.19.0/camel-timer-starter-3.19.0.jar:/Users/estros/.m2/repository/org/apache/camel/camel-timer/3.19.0/camel-timer-3.19.0.jar:/Users/estros/.m2/repository/org/apache/camel/springboot/camel-validator-starter/3.19.0/camel-validator-starter-3.19.0.jar:/Users/estros/.m2/repository/org/apache/camel/camel-validator/3.19.0/camel-validator-3.19.0.jar:/Users/estros/.m2/repository/org/apache/camel/springboot/camel-vm-starter/3.19.0/camel-vm-starter-3.19.0.jar:/Users/estros/.m2/repository/org/apache/camel/camel-vm/3.19.0/camel-vm-3.19.0.jar:/Users/estros/.m2/repository/org/apache/camel/springboot/camel-xpath-starter/3.19.0/camel-xpath-starter-3.19.0.jar:/Users/estros/.m2/repository/org/apache/camel/camel-xpath/3.19.0/camel-xpath-3.19.0.jar:/Users/estros/.m2/repository/org/apache/camel/springboot/camel-xslt-starter/3.19.0/camel-xslt-starter-3.19.0.jar:/Users/estros/.m2/repository/org/apache/camel/camel-xslt/3.19.0/camel-xslt-3.19.0.jar:/Users/estros/.m2/repository/org/apache/camel/springboot/camel-xml-jaxp-starter/3.19.0/camel-xml-jaxp-starter-3.19.0.jar:/Users/estros/.m2/repository/org/apache/camel/camel-xml-jaxp/3.19.0/camel-xml-jaxp-3.19.0.jar:/Users/estros/.m2/repository/org/apache/camel/camel-xml-io-util/3.19.0/camel-xml-io-util-3.19.0.jar:/Users/estros/.m2/repository/org/springframework/boot/spring-boot-starter-test/2.7.6/spring-boot-starter-test-2.7.6.jar:/Users/estros/.m2/repository/org/springframework/boot/spring-boot-test/2.7.6/spring-boot-test-2.7.6.jar:/Users/estros/.m2/repository/org/springframework/boot/spring-boot-test-autoconfigure/2.7.6/spring-boot-test-autoconfigure-2.7.6.jar:/Users/estros/.m2/repository/com/jayway/jsonpath/json-path/2.7.0/json-path-2.7.0.jar:/Users/estros/.m2/repository/net/minidev/json-smart/2.4.8/json-smart-2.4.8.jar:/Users/estros/.m2/repository/net/minidev/accessors-smart/2.4.8/accessors-smart-2.4.8.jar:/Users/estros/.m2/repository/org/ow2/asm/asm/9.1/asm-9.1.jar:/Users/estros/.m2/repository/org/slf4j/slf4j-api/1.7.36/slf4j-api-1.7.36.jar:/Users/estros/.m2/repository/jakarta/xml/bind/jakarta.xml.bind-api/2.3.3/jakarta.xml.bind-api-2.3.3.jar:/Users/estros/.m2/repository/jakarta/activation/jakarta.activation-api/1.2.2/jakarta.activation-api-1.2.2.jar:/Users/estros/.m2/repository/org/assertj/assertj-core/3.22.0/assertj-core-3.22.0.jar:/Users/estros/.m2/repository/org/hamcrest/hamcrest/2.2/hamcrest-2.2.jar:/Users/estros/.m2/repository/org/junit/jupiter/junit-jupiter/5.8.2/junit-jupiter-5.8.2.jar:/Users/estros/.m2/repository/org/junit/jupiter/junit-jupiter-api/5.8.2/junit-jupiter-api-5.8.2.jar:/Users/estros/.m2/repository/org/opentest4j/opentest4j/1.2.0/opentest4j-1.2.0.jar:/Users/estros/.m2/repository/org/junit/platform/junit-platform-commons/1.8.2/junit-platform-commons-1.8.2.jar:/Users/estros/.m2/repository/org/apiguardian/apiguardian-api/1.1.2/apiguardian-api-1.1.2.jar:/Users/estros/.m2/repository/org/junit/jupiter/junit-jupiter-params/5.8.2/junit-jupiter-params-5.8.2.jar:/Users/estros/.m2/repository/org/junit/jupiter/junit-jupiter-engine/5.8.2/junit-jupiter-engine-5.8.2.jar:/Users/estros/.m2/repository/org/junit/platform/junit-platform-engine/1.8.2/junit-platform-engine-1.8.2.jar:/Users/estros/.m2/repository/org/mockito/mockito-core/4.5.1/mockito-core-4.5.1.jar:/Users/estros/.m2/repository/net/bytebuddy/byte-buddy/1.12.19/byte-buddy-1.12.19.jar:/Users/estros/.m2/repository/net/bytebuddy/byte-buddy-agent/1.12.19/byte-buddy-agent-1.12.19.jar:/Users/estros/.m2/repository/org/objenesis/objenesis/3.2/objenesis-3.2.jar:/Users/estros/.m2/repository/org/mockito/mockito-junit-jupiter/4.5.1/mockito-junit-jupiter-4.5.1.jar:/Users/estros/.m2/repository/org/skyscreamer/jsonassert/1.5.1/jsonassert-1.5.1.jar:/Users/estros/.m2/repository/com/vaadin/external/google/android-json/0.0.20131108.vaadin1/android-json-0.0.20131108.vaadin1.jar:/Users/estros/.m2/repository/org/springframework/spring-core/5.3.24/spring-core-5.3.24.jar:/Users/estros/.m2/repository/org/springframework/spring-jcl/5.3.24/spring-jcl-5.3.24.jar:/Users/estros/.m2/repository/org/springframework/spring-test/5.3.24/spring-test-5.3.24.jar:/Users/estros/.m2/repository/org/xmlunit/xmlunit-core/2.9.0/xmlunit-core-2.9.0.jar:"/>
    <property name="sun.cpu.endian" value="little"/>
    <property name="user.home" value="/Users/estros"/>
    <property name="user.language" value="en"/>
    <property name="java.specification.vendor" value="Oracle Corporation"/>
    <property name="java.version.date" value="2022-10-18"/>
    <property name="java.home" value="/usr/local/Cellar/openjdk/19.0.1/libexec/openjdk.jdk/Contents/Home"/>
    <property name="file.separator" value="/"/>
    <property name="basedir" value="/Users/estros/Documents/IT/Studies/Udemy/ApacheCamel/simple-camel-springboot"/>
    <property name="java.vm.compressedOopsMode" value="Zero based"/>
    <property name="line.separator" value="&#10;"/>
    <property name="java.vm.specification.vendor" value="Oracle Corporation"/>
    <property name="java.specification.name" value="Java Platform API Specification"/>
    <property name="apple.awt.application.name" value="ForkedBooter"/>
    <property name="surefire.real.class.path" value="/Users/estros/Documents/IT/Studies/Udemy/ApacheCamel/simple-camel-springboot/target/surefire/surefirebooter13564163667953577497.jar"/>
    <property name="sun.management.compiler" value="HotSpot 64-Bit Tiered Compilers"/>
    <property name="ftp.nonProxyHosts" value="local|*.local|169.254/16|*.169.254/16"/>
    <property name="java.runtime.version" value="19.0.1"/>
    <property name="user.name" value="estros"/>
    <property name="stdout.encoding" value="UTF-8"/>
    <property name="path.separator" value=":"/>
    <property name="os.version" value="12.3.1"/>
    <property name="java.runtime.name" value="OpenJDK Runtime Environment"/>
    <property name="file.encoding" value="UTF-8"/>
    <property name="java.vm.name" value="OpenJDK 64-Bit Server VM"/>
    <property name="java.vendor.version" value="Homebrew"/>
    <property name="localRepository" value="/Users/estros/.m2/repository"/>
    <property name="java.vendor.url.bug" value="https://github.com/Homebrew/homebrew-core/issues"/>
    <property name="java.io.tmpdir" value="/var/folders/6p/wq2n9wfx195_371l_2h8dft80000gn/T/"/>
    <property name="java.version" value="19.0.1"/>
    <property name="user.dir" value="/Users/estros/Documents/IT/Studies/Udemy/ApacheCamel/simple-camel-springboot"/>
    <property name="os.arch" value="x86_64"/>
    <property name="java.vm.specification.name" value="Java Virtual Machine Specification"/>
    <property name="native.encoding" value="UTF-8"/>
    <property name="java.library.path" value="/Users/estros/Library/Java/Extensions:/Library/Java/Extensions:/Network/Library/Java/Extensions:/System/Library/Java/Extensions:/usr/lib/java:."/>
    <property name="java.vm.info" value="mixed mode, sharing"/>
    <property name="stderr.encoding" value="UTF-8"/>
    <property name="java.vendor" value="Homebrew"/>
    <property name="java.vm.version" value="19.0.1"/>
    <property name="sun.io.unicode.encoding" value="UnicodeBig"/>
    <property name="socksNonProxyHosts" value="local|*.local|169.254/16|*.169.254/16"/>
    <property name="java.class.version" value="63.0"/>
  </properties>
  <testcase name="contextLoads" classname="com.bruno.simplecamelspringboot.SimpleCamelSpringbootApplicationTests" time="0.435"/>
</testsuite>